<?xml version="1.0" encoding="UTF-8"?>
<!-- Generated by org.testng.reporters.JUnitReportReporter -->
<testsuite skipped="0" hostname="DESKTOP-S76DE4I" name="com.myProject.TestCases.MyPageTestCases" tests="2" failures="0" timestamp="30 Apr 2018 20:09:33 GMT" time="40.111" errors="0">
  <testcase name="newUserCreation" time="17.551" classname="com.myProject.TestCases.MyPageTestCases"/>
  <testcase name="WomenApearralSelection" time="22.560" classname="com.myProject.TestCases.MyPageTestCases"/>
</testsuite> <!-- com.myProject.TestCases.MyPageTestCases -->
