<?xml version="1.0" encoding="UTF-8"?>
<!-- Generated by org.testng.reporters.JUnitReportReporter -->
<testsuite hostname="DESKTOP-S76DE4I" name="com.myProject.TestCases.MyPageTestCases" tests="2" failures="0" timestamp="11 May 2018 12:58:26 GMT" time="35.706" errors="0">
  <testcase name="newUserCreation" time="16.588" classname="com.myProject.TestCases.MyPageTestCases"/>
  <testcase name="WomenApearralSelection" time="19.118" classname="com.myProject.TestCases.MyPageTestCases"/>
</testsuite>
