<?xml version="1.0" encoding="UTF-8"?>
<!-- Generated by org.testng.reporters.JUnitReportReporter -->
<testsuite hostname="DESKTOP-S76DE4I" name="com.myProject.TestCases.MyPageTestCases" tests="2" failures="0" timestamp="13 May 2018 20:18:57 GMT" time="44.658" errors="0">
  <testcase name="newUserCreation" time="17.331" classname="com.myProject.TestCases.MyPageTestCases"/>
  <testcase name="WomenApearralSelection" time="27.327" classname="com.myProject.TestCases.MyPageTestCases"/>
</testsuite>
